<?xml version="1.0" encoding="UTF-8"?>
<testsuites name="TestSuite1" time="18.373" tests="2" failures="0" errors="0">
   <testsuite name="TestSuite1" tests="2" failures="0" errors="0" time="18.373" skipped="0" timestamp="2023-08-15 10:21:35" hostname="mtan - LAPTOP-ML7PEORA" id="Test Suites/TestSuite1">
      <properties>
         <property name="deviceName" value=""/>
         <property name="devicePlatform" value=""/>
         <property name="logFolder" value="C:\\Users\\mtan\\git\\KatalonGitTest2.1\\Reports\\20230815_102123\\TestSuite1\\20230815_102134"/>
         <property name="logFiles" value="C:\\Users\\mtan\\git\\KatalonGitTest2.1\\Reports\\20230815_102123\\TestSuite1\\20230815_102134\\execution0.log"/>
         <property name="attachments" value=""/>
         <property name="hostName" value="mtan - LAPTOP-ML7PEORA"/>
         <property name="os" value="Windows 11 64bit"/>
         <property name="katalonVersion" value="8.6.5.208"/>
         <property name="browser" value="Chrome 115.0.0.0"/>
         <property name="hostAddress" value="192.168.1.19"/>
         <property name="sessionId" value="db6a9d83de4c09a2c3923a4c8d0dc2c3"/>
         <property name="seleniumVersion" value="3.141.59"/>
         <property name="proxyInformation" value="ProxyInformation { proxyOption=NO_PROXY, proxyServerType=HTTP, username=, password=********, proxyServerAddress=, proxyServerPort=0, executionList=&quot;&quot;, isApplyToDesiredCapabilities=true }"/>
         <property name="platform" value="Windows 11"/>
      </properties>
      <testcase name="Test Cases/Test 1 by Matt" time="8.239" classname="Test Cases/Test 1 by Matt" status="PASSED">
         <system-out><![CDATA[2023-08-15 10:21:35 - [TEST_CASE][PASSED] - Test Cases/Test 1 by Matt: Test Cases/Test 1 by Matt

2023-08-15 10:21:35 - [TEST_STEP][PASSED] - openBrowser(""): Browser is opened with url: ''

2023-08-15 10:21:36 - [MESSAGE][INFO] - Starting 'Chrome' driver

2023-08-15 10:21:36 - [MESSAGE][INFO] - Action delay is set to 0 milliseconds

2023-08-15 10:21:37 - [MESSAGE][PASSED] - Browser is opened with url: ''

2023-08-15 10:21:37 - [TEST_STEP][PASSED] - navigateToUrl("https://opensource-demo.orangehrmlive.com/web/index.php/auth/login"): Navigate to 'https://opensource-demo.orangehrmlive.com/web/index.php/auth/login' successfully

2023-08-15 10:21:43 - [MESSAGE][PASSED] - Navigate to 'https://opensource-demo.orangehrmlive.com/web/index.php/auth/login' successfully

2023-08-15 10:21:43 - [TEST_STEP][PASSED] - closeBrowser(): Browser is closed

2023-08-15 10:21:44 - [MESSAGE][PASSED] - Browser is closed]]></system-out>
         <system-err><![CDATA[]]></system-err>
      </testcase>
      <testcase name="Test Cases/Test 2 by Liz" time="10.031" classname="Test Cases/Test 2 by Liz" status="PASSED">
         <system-out><![CDATA[2023-08-15 10:21:44 - [TEST_CASE][PASSED] - Test Cases/Test 2 by Liz: Test Cases/Test 2 by Liz

2023-08-15 10:21:44 - [TEST_STEP][PASSED] - openBrowser("https://katalon.com/"): Browser is opened with url: 'https://katalon.com/'

2023-08-15 10:21:44 - [MESSAGE][INFO] - Starting 'Chrome' driver

2023-08-15 10:21:44 - [MESSAGE][INFO] - Action delay is set to 0 milliseconds

2023-08-15 10:21:53 - [MESSAGE][PASSED] - Browser is opened with url: 'https://katalon.com/'

2023-08-15 10:21:53 - [TEST_STEP][PASSED] - closeBrowser(): Browser is closed

2023-08-15 10:21:54 - [MESSAGE][PASSED] - Browser is closed]]></system-out>
         <system-err><![CDATA[]]></system-err>
      </testcase>
      <system-out><![CDATA[2023-08-15 10:21:35 - [TEST_SUITE][PASSED] - TestSuite1: Test Cases/Test 2 by Liz]]></system-out>
      <system-err><![CDATA[]]></system-err>
   </testsuite>
</testsuites>
