<?xml version="1.0" encoding="UTF-8"?>
<testsuites name="TestSuite1" time="9.671" tests="1" failures="0" errors="0">
   <testsuite name="TestSuite1" tests="1" failures="0" errors="0" time="9.671" skipped="0" timestamp="2023-08-14 10:26:25" hostname="mtan - LAPTOP-ML7PEORA" id="Test Suites/TestSuite1">
      <properties>
         <property name="deviceName" value=""/>
         <property name="devicePlatform" value=""/>
         <property name="logFolder" value="C:\\Users\\mtan\\git\\KatalonGitTest2.1\\Reports\\20230814_102614\\TestSuite1\\20230814_102622"/>
         <property name="logFiles" value="C:\\Users\\mtan\\git\\KatalonGitTest2.1\\Reports\\20230814_102614\\TestSuite1\\20230814_102622\\execution0.log"/>
         <property name="attachments" value=""/>
         <property name="hostName" value="mtan - LAPTOP-ML7PEORA"/>
         <property name="os" value="Windows 11 64bit"/>
         <property name="katalonVersion" value="8.6.5.208"/>
         <property name="browser" value="Chrome 115.0.0.0"/>
         <property name="hostAddress" value="192.168.1.19"/>
         <property name="sessionId" value="54a7b5a3997f60ac90b9af5f389eb6b7"/>
         <property name="seleniumVersion" value="3.141.59"/>
         <property name="proxyInformation" value="ProxyInformation { proxyOption=NO_PROXY, proxyServerType=HTTP, username=, password=********, proxyServerAddress=, proxyServerPort=0, executionList=&quot;&quot;, isApplyToDesiredCapabilities=true }"/>
         <property name="platform" value="Windows 11"/>
      </properties>
      <testcase name="Test Cases/Test 1 by Matt" time="9.534" classname="Test Cases/Test 1 by Matt" status="PASSED">
         <system-out><![CDATA[2023-08-14 10:26:25 - [TEST_CASE][PASSED] - Test Cases/Test 1 by Matt: Test Cases/Test 1 by Matt

2023-08-14 10:26:25 - [TEST_STEP][PASSED] - openBrowser(""): Browser is opened with url: ''

2023-08-14 10:26:25 - [MESSAGE][INFO] - Starting 'Chrome' driver

2023-08-14 10:26:25 - [MESSAGE][INFO] - Action delay is set to 0 milliseconds

2023-08-14 10:26:28 - [MESSAGE][PASSED] - Browser is opened with url: ''

2023-08-14 10:26:28 - [TEST_STEP][PASSED] - navigateToUrl("https://opensource-demo.orangehrmlive.com/web/index.php/auth/login"): Navigate to 'https://opensource-demo.orangehrmlive.com/web/index.php/auth/login' successfully

2023-08-14 10:26:34 - [MESSAGE][PASSED] - Navigate to 'https://opensource-demo.orangehrmlive.com/web/index.php/auth/login' successfully

2023-08-14 10:26:34 - [TEST_STEP][PASSED] - closeBrowser(): Browser is closed

2023-08-14 10:26:34 - [MESSAGE][PASSED] - Browser is closed]]></system-out>
         <system-err><![CDATA[]]></system-err>
      </testcase>
      <system-out><![CDATA[2023-08-14 10:26:25 - [TEST_SUITE][PASSED] - TestSuite1: Test Cases/Test 1 by Matt]]></system-out>
      <system-err><![CDATA[]]></system-err>
   </testsuite>
</testsuites>
